#
# There is insufficient memory for the Java Runtime Environment to continue.
# Native memory allocation (mmap) failed to map 402653184 bytes for G1 virtual space
# Possible reasons:
#   The system is out of physical RAM or swap space
#   The process is running with CompressedOops enabled, and the Java Heap may be blocking the growth of the native heap
# Possible solutions:
#   Reduce memory load on the system
#   Increase physical memory or swap space
#   Check if swap backing store is full
#   Decrease Java heap size (-Xmx/-Xms)
#   Decrease number of Java threads
#   Decrease Java thread stack sizes (-Xss)
#   Set larger code cache with -XX:ReservedCodeCacheSize=
#   JVM is running with Zero Based Compressed Oops mode in which the Java heap is
#     placed in the first 32GB address space. The Java Heap base address is the
#     maximum limit for the native heap growth. Please use -XX:HeapBaseMinAddress
#     to set the Java Heap base and to place the Java Heap above 32GB virtual address.
# This output file may be truncated or incomplete.
#
#  Out of Memory Error (os_windows.cpp:3825), pid=13396, tid=16808
#
# JRE version:  (17.0.10) (build )
# Java VM: OpenJDK 64-Bit Server VM (17.0.10+0--11572160, mixed mode, sharing, tiered, compressed oops, compressed class ptrs, g1 gc, windows-amd64)
# No core dump will be written. Minidumps are not enabled by default on client versions of Windows
#

---------------  S U M M A R Y ------------

Command Line: git4idea.http.GitAskPassApp Username for 'https://github.com': 

Host: 13th Gen Intel(R) Core(TM) i5-13500, 20 cores, 23G,  Windows 10 , 64 bit Build 19041 (10.0.19041.3636)
Time: Thu May 23 15:25:17 2024 SE Asia Standard Time elapsed time: 0.006770 seconds (0d 0h 0m 0s)

---------------  T H R E A D  ---------------

Current thread (0x000002286aebc870):  JavaThread "Unknown thread" [_thread_in_vm, id=16808, stack(0x000000460dd00000,0x000000460de00000)]

Stack: [0x000000460dd00000,0x000000460de00000]
Native frames: (J=compiled Java code, j=interpreted, Vv=VM code, C=native code)
V  [jvm.dll+0x688e89]
V  [jvm.dll+0x84247a]
V  [jvm.dll+0x8440be]
V  [jvm.dll+0x844723]
V  [jvm.dll+0x24be0f]
V  [jvm.dll+0x685c59]
V  [jvm.dll+0x67a50a]
V  [jvm.dll+0x30cbab]
V  [jvm.dll+0x314056]
V  [jvm.dll+0x363dce]
V  [jvm.dll+0x363fff]
V  [jvm.dll+0x2e2978]
V  [jvm.dll+0x2e38e4]
V  [jvm.dll+0x813011]
V  [jvm.dll+0x371c81]
V  [jvm.dll+0x7f1b66]
V  [jvm.dll+0x3f58df]
V  [jvm.dll+0x3f7511]
C  [jli.dll+0x528f]
C  [ucrtbase.dll+0x21bb2]
C  [KERNEL32.DLL+0x17344]
C  [ntdll.dll+0x526b1]


---------------  P R O C E S S  ---------------

Threads class SMR info:
_java_thread_list=0x00007ff8dc5eef58, length=0, elements={
}

Java Threads: ( => current thread )

Other Threads:
  0x000002286af48260 GCTaskThread "GC Thread#0" [stack: 0x000000460de00000,0x000000460df00000] [id=7160]
  0x000002286af55000 ConcurrentGCThread "G1 Main Marker" [stack: 0x000000460df00000,0x000000460e000000] [id=18544]
  0x000002286af55a20 ConcurrentGCThread "G1 Conc#0" [stack: 0x000000460e000000,0x000000460e100000] [id=8588]

[error occurred during error reporting (printing all threads), id 0xc0000005, EXCEPTION_ACCESS_VIOLATION (0xc0000005) at pc=0x00007ff8dbda3547]

VM state: not at safepoint (not fully initialized)

VM Mutex/Monitor currently owned by a thread:  ([mutex/lock_event])
[0x000002286aeb8e10] Heap_lock - owner thread: 0x000002286aebc870

Heap address: 0x0000000683400000, size: 6092 MB, Compressed Oops mode: Zero based, Oop shift amount: 3

CDS archive(s) mapped at: [0x0000000000000000-0x0000000000000000-0x0000000000000000), size 0, SharedBaseAddress: 0x0000000800000000, ArchiveRelocationMode: 1.
Narrow klass base: 0x0000000000000000, Narrow klass shift: 0, Narrow klass range: 0x0

GC Precious Log:
<Empty>

Heap:
 garbage-first heap   total 0K, used 0K [0x0000000683400000, 0x0000000800000000)
  region size 4096K, 0 young (0K), 0 survivors (0K)
 Metaspace       used 0K, committed 0K, reserved 0K
  class space    used 0K, committed 0K, reserved 0K

Heap Regions: E=young(eden), S=young(survivor), O=old, HS=humongous(starts), HC=humongous(continues), CS=collection set, F=free, OA=open archive, CA=closed archive, TAMS=top-at-mark-start (previous, next)

Card table byte_map: [0x000002287ea30000,0x000002287f620000] _byte_map_base: 0x000002287b616000

Marking Bits (Prev, Next): (CMBitMap*) 0x000002286af48880, (CMBitMap*) 0x000002286af488c0
 Prev Bits: [0x0000022800bf0000, 0x0000022806b20000)
 Next Bits: [0x0000022806b20000, 0x000002280ca50000)

GC Heap History (0 events):
No events

Dll operation events (1 events):
Event: 0.003 Loaded shared library C:\Program Files\Android\Android Studio1\jbr\bin\java.dll

Deoptimization events (0 events):
No events

Classes unloaded (0 events):
No events

Classes redefined (0 events):
No events

Internal exceptions (0 events):
No events

VM Operations (0 events):
No events

Events (0 events):
No events


Dynamic libraries:
0x00007ff7fe7b0000 - 0x00007ff7fe7ba000 	C:\Program Files\Android\Android Studio1\jbr\bin\java.exe
0x00007ff93be90000 - 0x00007ff93c088000 	C:\WINDOWS\SYSTEM32\ntdll.dll
0x00007ff93a140000 - 0x00007ff93a1fd000 	C:\WINDOWS\System32\KERNEL32.DLL
0x00007ff939540000 - 0x00007ff939836000 	C:\WINDOWS\System32\KERNELBASE.dll
0x00007ff939840000 - 0x00007ff939940000 	C:\WINDOWS\System32\ucrtbase.dll
0x00007ff8f6d10000 - 0x00007ff8f6d27000 	C:\Program Files\Android\Android Studio1\jbr\bin\jli.dll
0x00007ff919230000 - 0x00007ff91924b000 	C:\Program Files\Android\Android Studio1\jbr\bin\VCRUNTIME140.dll
0x00007ff939ec0000 - 0x00007ff93a05f000 	C:\WINDOWS\System32\USER32.dll
0x00007ff939c40000 - 0x00007ff939c62000 	C:\WINDOWS\System32\win32u.dll
0x00007ff93bc40000 - 0x00007ff93bc6b000 	C:\WINDOWS\System32\GDI32.dll
0x00007ff939d10000 - 0x00007ff939e27000 	C:\WINDOWS\System32\gdi32full.dll
0x00007ff922e90000 - 0x00007ff92312a000 	C:\WINDOWS\WinSxS\amd64_microsoft.windows.common-controls_6595b64144ccf1df_6.0.19041.4355_none_60b8b9eb71f62e16\COMCTL32.dll
0x00007ff939c70000 - 0x00007ff939d0d000 	C:\WINDOWS\System32\msvcp_win.dll
0x00007ff93bba0000 - 0x00007ff93bc3e000 	C:\WINDOWS\System32\msvcrt.dll
0x00007ff93b6e0000 - 0x00007ff93b712000 	C:\WINDOWS\System32\IMM32.DLL
0x00007ff922da0000 - 0x00007ff922dac000 	C:\Program Files\Android\Android Studio1\jbr\bin\vcruntime140_1.dll
0x00007ff906080000 - 0x00007ff90610d000 	C:\Program Files\Android\Android Studio1\jbr\bin\msvcp140.dll
0x00007ff8dbab0000 - 0x00007ff8dc733000 	C:\Program Files\Android\Android Studio1\jbr\bin\server\jvm.dll
0x00007ff93b960000 - 0x00007ff93ba10000 	C:\WINDOWS\System32\ADVAPI32.dll
0x00007ff93a6f0000 - 0x00007ff93a790000 	C:\WINDOWS\System32\sechost.dll
0x00007ff93b7d0000 - 0x00007ff93b8f3000 	C:\WINDOWS\System32\RPCRT4.dll
0x00007ff939b60000 - 0x00007ff939b87000 	C:\WINDOWS\System32\bcrypt.dll
0x00007ff9083b0000 - 0x00007ff9083b9000 	C:\WINDOWS\SYSTEM32\WSOCK32.dll
0x00007ff93a7b0000 - 0x00007ff93a81b000 	C:\WINDOWS\System32\WS2_32.dll
0x00007ff92ee40000 - 0x00007ff92ee67000 	C:\WINDOWS\SYSTEM32\WINMM.dll
0x00007ff933c10000 - 0x00007ff933c1a000 	C:\WINDOWS\SYSTEM32\VERSION.dll
0x00007ff938a70000 - 0x00007ff938abb000 	C:\WINDOWS\SYSTEM32\POWRPROF.dll
0x00007ff938930000 - 0x00007ff938942000 	C:\WINDOWS\SYSTEM32\UMPDC.dll
0x00007ff9373e0000 - 0x00007ff9373f2000 	C:\WINDOWS\SYSTEM32\kernel.appcore.dll
0x00007ff91dcb0000 - 0x00007ff91dcba000 	C:\Program Files\Android\Android Studio1\jbr\bin\jimage.dll
0x00007ff92a0b0000 - 0x00007ff92a294000 	C:\WINDOWS\SYSTEM32\DBGHELP.DLL
0x00007ff929fb0000 - 0x00007ff929fe4000 	C:\WINDOWS\SYSTEM32\dbgcore.DLL
0x00007ff939e30000 - 0x00007ff939eb2000 	C:\WINDOWS\System32\bcryptPrimitives.dll
0x00007ff90e9e0000 - 0x00007ff90ea05000 	C:\Program Files\Android\Android Studio1\jbr\bin\java.dll

dbghelp: loaded successfully - version: 4.0.5 - missing functions: none
symbol engine: initialized successfully - sym options: 0x614 - pdb path: .;C:\Program Files\Android\Android Studio1\jbr\bin;C:\WINDOWS\SYSTEM32;C:\WINDOWS\WinSxS\amd64_microsoft.windows.common-controls_6595b64144ccf1df_6.0.19041.4355_none_60b8b9eb71f62e16;C:\Program Files\Android\Android Studio1\jbr\bin\server

VM Arguments:
java_command: git4idea.http.GitAskPassApp Username for 'https://github.com': 
java_class_path (initial): C:/Program Files/Android/Android Studio1/plugins/vcs-git/lib/git4idea-rt.jar;C:/Program Files/Android/Android Studio1/lib/externalProcess-rt.jar
Launcher Type: SUN_STANDARD

[Global flags]
     intx CICompilerCount                          = 12                                        {product} {ergonomic}
     uint ConcGCThreads                            = 4                                         {product} {ergonomic}
     uint G1ConcRefinementThreads                  = 15                                        {product} {ergonomic}
   size_t G1HeapRegionSize                         = 4194304                                   {product} {ergonomic}
    uintx GCDrainStackTargetSize                   = 64                                        {product} {ergonomic}
   size_t InitialHeapSize                          = 402653184                                 {product} {ergonomic}
   size_t MarkStackSize                            = 4194304                                   {product} {ergonomic}
   size_t MaxHeapSize                              = 6387924992                                {product} {ergonomic}
   size_t MinHeapDeltaBytes                        = 4194304                                   {product} {ergonomic}
   size_t MinHeapSize                              = 8388608                                   {product} {ergonomic}
    uintx NonNMethodCodeHeapSize                   = 7602480                                {pd product} {ergonomic}
    uintx NonProfiledCodeHeapSize                  = 122027880                              {pd product} {ergonomic}
    uintx ProfiledCodeHeapSize                     = 122027880                              {pd product} {ergonomic}
    uintx ReservedCodeCacheSize                    = 251658240                              {pd product} {ergonomic}
     bool SegmentedCodeCache                       = true                                      {product} {ergonomic}
   size_t SoftMaxHeapSize                          = 6387924992                             {manageable} {ergonomic}
     bool UseCompressedClassPointers               = true                           {product lp64_product} {ergonomic}
     bool UseCompressedOops                        = true                           {product lp64_product} {ergonomic}
     bool UseG1GC                                  = true                                      {product} {ergonomic}
     bool UseLargePagesIndividualAllocation        = false                                  {pd product} {ergonomic}

Logging:
Log output configuration:
 #0: stdout all=warning uptime,level,tags
 #1: stderr all=off uptime,level,tags

Environment Variables:
PATH=C:\Program Files\Git\mingw64\libexec\git-core;C:\Program Files\Git\mingw64\libexec\git-core;C:\Program Files\Git\mingw64\bin;C:\Program Files\Git\usr\bin;C:\Users\PC\bin;C:\Program Files (x86)\Common Files\Intel\Shared Libraries\redist\intel64\compiler;C:\WINDOWS\system32;C:\WINDOWS;C:\WINDOWS\System32\Wbem;C:\WINDOWS\System32\WindowsPowerShell\v1.0;C:\WINDOWS\System32\OpenSSH;C:\Program Files\Git\cmd;C:\Users\PC\AppData\Local\Microsoft\WindowsApps
USERNAME=PC
DISPLAY=:0.0
LC_ALL=en_US.UTF-8
TERM=xterm-256color
TMPDIR=C:\Users\PC\AppData\Local\Temp
OS=Windows_NT
PROCESSOR_IDENTIFIER=Intel64 Family 6 Model 191 Stepping 2, GenuineIntel
TMP=C:\Users\PC\AppData\Local\Temp
TEMP=C:\Users\PC\AppData\Local\Temp



Periodic native trim disabled

JNI global refs:
JNI global refs: 0, weak refs: 0

JNI global refs memory usage: 0, weak refs: 0

OOME stack traces (most recent first):
Classloader memory used:


---------------  S Y S T E M  ---------------

OS:
 Windows 10 , 64 bit Build 19041 (10.0.19041.3636)
OS uptime: 5 days 23:31 hours

CPU: total 20 (initial active 20) (10 cores per cpu, 2 threads per core) family 6 model 191 stepping 2 microcode 0x28, cx8, cmov, fxsr, ht, mmx, 3dnowpref, sse, sse2, sse3, ssse3, sse4.1, sse4.2, popcnt, lzcnt, tsc, tscinvbit, avx, avx2, aes, erms, clmul, bmi1, bmi2, adx, sha, fma, vzeroupper, clflush, clflushopt, clwb
Processor Information for all 20 processors :
  Max Mhz: 2500, Current Mhz: 2500, Mhz Limit: 2500

Memory: 4k page, system-wide physical 24355M (697M free)
TotalPageFile size 31855M (AvailPageFile size 291M)
current process WorkingSet (physical memory assigned to process): 10M, peak: 10M
current process commit charge ("private bytes"): 75M, peak: 459M

vm_info: OpenJDK 64-Bit Server VM (17.0.10+0--11572160) for windows-amd64 JRE (17.0.10+0--11572160), built on Mar 13 2024 23:56:38 by "androidbuild" with MS VC++ 16.10 / 16.11 (VS2019)

END.
