#
# There is insufficient memory for the Java Runtime Environment to continue.
# Native memory allocation (mmap) failed to map 234881024 bytes for Failed to commit area from 0x0000000720c00000 to 0x000000072ec00000 of length 234881024.
# Possible reasons:
#   The system is out of physical RAM or swap space
#   The process is running with CompressedOops enabled, and the Java Heap may be blocking the growth of the native heap
# Possible solutions:
#   Reduce memory load on the system
#   Increase physical memory or swap space
#   Check if swap backing store is full
#   Decrease Java heap size (-Xmx/-Xms)
#   Decrease number of Java threads
#   Decrease Java thread stack sizes (-Xss)
#   Set larger code cache with -XX:ReservedCodeCacheSize=
# This output file may be truncated or incomplete.
#
#  Out of Memory Error (./src/hotspot/os/windows/os_windows.cpp:3301), pid=11728, tid=11508
#
# JRE version:  (11.0.10) (build )
# Java VM: OpenJDK 64-Bit Server VM (11.0.10+0-b96-7249189, mixed mode, sharing, tiered, compressed oops, g1 gc, windows-amd64)
# No core dump will be written. Minidumps are not enabled by default on client versions of Windows
#

---------------  S U M M A R Y ------------

Command Line: org.jetbrains.git4idea.http.GitAskPassApp Username for 'https://github.com': 

Host: AMD Ryzen 3 3200G with Radeon Vega Graphics    , 4 cores, 13G,  Windows 10 , 64 bit Build 19041 (10.0.19041.1202)
Time: Fri Nov 12 11:28:35 2021 SE Asia Standard Time elapsed time: 0.009052 seconds (0d 0h 0m 0s)

---------------  T H R E A D  ---------------

Current thread (0x00000270b4aeb800):  JavaThread "Unknown thread" [_thread_in_vm, id=11508, stack(0x000000997d100000,0x000000997d200000)]

Stack: [0x000000997d100000,0x000000997d200000]
Native frames: (J=compiled Java code, j=interpreted, Vv=VM code, C=native code)
V  [jvm.dll+0x5ecfaa]
V  [jvm.dll+0x722bd5]
V  [jvm.dll+0x72412d]
V  [jvm.dll+0x7247e3]
V  [jvm.dll+0x242928]
V  [jvm.dll+0x5ea374]
V  [jvm.dll+0x5df425]
V  [jvm.dll+0x2fdebb]
V  [jvm.dll+0x2fde2a]
V  [jvm.dll+0x2fdd02]
V  [jvm.dll+0x302bf6]
V  [jvm.dll+0x34b2a3]
V  [jvm.dll+0x34b9a6]
V  [jvm.dll+0x34b3a3]
V  [jvm.dll+0x2d8888]
V  [jvm.dll+0x2d9a37]
V  [jvm.dll+0x701737]
V  [jvm.dll+0x702f2c]
V  [jvm.dll+0x3587d9]
V  [jvm.dll+0x6e4fae]
V  [jvm.dll+0x3c0be3]
V  [jvm.dll+0x3c2e91]
C  [jli.dll+0x5373]
C  [ucrtbase.dll+0x21bb2]
C  [KERNEL32.DLL+0x17034]
C  [ntdll.dll+0x52651]


---------------  P R O C E S S  ---------------

Threads class SMR info:
_java_thread_list=0x00000270b324f940, length=0, elements={
}

Java Threads: ( => current thread )

Other Threads:
  0x00000270b4b04800 GCTaskThread "GC Thread#0" [stack: 0x000000997d200000,0x000000997d300000] [id=8920]
  0x00000270b4b56000 ConcurrentGCThread "G1 Main Marker" [stack: 0x000000997d300000,0x000000997d400000] [id=12112]
  0x00000270b4b58000 ConcurrentGCThread "G1 Conc#0" [stack: 0x000000997d400000,0x000000997d500000] [id=1668]

[error occurred during error reporting (printing all threads), id 0xc0000005, EXCEPTION_ACCESS_VIOLATION (0xc0000005) at pc=0x00007fff80249107]

VM state:not at safepoint (not fully initialized)

VM Mutex/Monitor currently owned by a thread:  ([mutex/lock_event])
[0x00000270b4ae94d0] Heap_lock - owner thread: 0x00000270b4aeb800

Heap address: 0x0000000720c00000, size: 3572 MB, Compressed Oops mode: Non-zero based: 0x0000000720c00000
Narrow klass base: 0x0000000000000000, Narrow klass shift: 0

GC Heap History (0 events):
No events

Deoptimization events (0 events):
No events

Classes redefined (0 events):
No events

Internal exceptions (0 events):
No events

Events (1 events):
Event: 0.006 Loaded shared library C:\Program Files\Android\Android Studio1\jre\bin\zip.dll


Dynamic libraries:
0x00007ff714ad0000 - 0x00007ff714ada000 	C:\Program Files\Android\Android Studio1\jre\bin\java.exe
0x00007fffd5670000 - 0x00007fffd5865000 	C:\WINDOWS\SYSTEM32\ntdll.dll
0x00007fffd4cb0000 - 0x00007fffd4d6e000 	C:\WINDOWS\System32\KERNEL32.DLL
0x00007fffd2ec0000 - 0x00007fffd3189000 	C:\WINDOWS\System32\KERNELBASE.dll
0x00007fffd3390000 - 0x00007fffd3490000 	C:\WINDOWS\System32\ucrtbase.dll
0x00007fffc3bf0000 - 0x00007fffc3c09000 	C:\Program Files\Android\Android Studio1\jre\bin\jli.dll
0x00007fffc3ce0000 - 0x00007fffc3cf7000 	C:\Program Files\Android\Android Studio1\jre\bin\VCRUNTIME140.dll
0x00007fffd3f60000 - 0x00007fffd4101000 	C:\WINDOWS\System32\USER32.dll
0x00007fffc8470000 - 0x00007fffc870a000 	C:\WINDOWS\WinSxS\amd64_microsoft.windows.common-controls_6595b64144ccf1df_6.0.19041.1110_none_60b5254171f9507e\COMCTL32.dll
0x00007fffd3600000 - 0x00007fffd3622000 	C:\WINDOWS\System32\win32u.dll
0x00007fffd4890000 - 0x00007fffd492e000 	C:\WINDOWS\System32\msvcrt.dll
0x00007fffd3f30000 - 0x00007fffd3f5b000 	C:\WINDOWS\System32\GDI32.dll
0x00007fffd3490000 - 0x00007fffd359b000 	C:\WINDOWS\System32\gdi32full.dll
0x00007fffd3190000 - 0x00007fffd322d000 	C:\WINDOWS\System32\msvcp_win.dll
0x00007fffd4b50000 - 0x00007fffd4b80000 	C:\WINDOWS\System32\IMM32.DLL
0x00007fff85fb0000 - 0x00007fff8604d000 	C:\Program Files\Android\Android Studio1\jre\bin\msvcp140.dll
0x00007fff7ff60000 - 0x00007fff80a2f000 	C:\Program Files\Android\Android Studio1\jre\bin\server\jvm.dll
0x00007fffd4110000 - 0x00007fffd41bc000 	C:\WINDOWS\System32\ADVAPI32.dll
0x00007fffd36c0000 - 0x00007fffd375b000 	C:\WINDOWS\System32\sechost.dll
0x00007fffd4b80000 - 0x00007fffd4caa000 	C:\WINDOWS\System32\RPCRT4.dll
0x00007fffd4880000 - 0x00007fffd4888000 	C:\WINDOWS\System32\PSAPI.DLL
0x00007fffc4290000 - 0x00007fffc4299000 	C:\WINDOWS\SYSTEM32\WSOCK32.dll
0x00007fffcd0b0000 - 0x00007fffcd0ba000 	C:\WINDOWS\SYSTEM32\VERSION.dll
0x00007fffccb00000 - 0x00007fffccb27000 	C:\WINDOWS\SYSTEM32\WINMM.dll
0x00007fffd44b0000 - 0x00007fffd451b000 	C:\WINDOWS\System32\WS2_32.dll
0x00007fffd0cb0000 - 0x00007fffd0cc2000 	C:\WINDOWS\SYSTEM32\kernel.appcore.dll
0x00007fff918a0000 - 0x00007fff918b1000 	C:\Program Files\Android\Android Studio1\jre\bin\verify.dll
0x00007fffc1a90000 - 0x00007fffc1c74000 	C:\WINDOWS\SYSTEM32\DBGHELP.DLL
0x00007fffc1a60000 - 0x00007fffc1a8c000 	C:\WINDOWS\SYSTEM32\dbgcore.DLL
0x00007fffd3630000 - 0x00007fffd36b3000 	C:\WINDOWS\System32\bcryptPrimitives.dll
0x00007fff84dd0000 - 0x00007fff84df9000 	C:\Program Files\Android\Android Studio1\jre\bin\java.dll
0x00007fffc4270000 - 0x00007fffc427b000 	C:\Program Files\Android\Android Studio1\jre\bin\jimage.dll
0x00007fff8a9b0000 - 0x00007fff8a9c8000 	C:\Program Files\Android\Android Studio1\jre\bin\zip.dll

dbghelp: loaded successfully - version: 4.0.5 - missing functions: none
symbol engine: initialized successfully - sym options: 0x614 - pdb path: .;C:\Program Files\Android\Android Studio1\jre\bin;C:\WINDOWS\SYSTEM32;C:\WINDOWS\WinSxS\amd64_microsoft.windows.common-controls_6595b64144ccf1df_6.0.19041.1110_none_60b5254171f9507e;C:\Program Files\Android\Android Studio1\jre\bin\server

VM Arguments:
java_command: org.jetbrains.git4idea.http.GitAskPassApp Username for 'https://github.com': 
java_class_path (initial): C:/Program Files/Android/Android Studio1/plugins/git4idea/lib/git4idea-rt.jar;C:/Program Files/Android/Android Studio1/lib/xmlrpc-2.0.1.jar;C:/Program Files/Android/Android Studio1/lib/commons-codec-1.14.jar
Launcher Type: SUN_STANDARD

[Global flags]
     intx CICompilerCount                          = 3                                         {product} {ergonomic}
     uint ConcGCThreads                            = 1                                         {product} {ergonomic}
     uint G1ConcRefinementThreads                  = 4                                         {product} {ergonomic}
   size_t G1HeapRegionSize                         = 1048576                                   {product} {ergonomic}
    uintx GCDrainStackTargetSize                   = 64                                        {product} {ergonomic}
   size_t InitialHeapSize                          = 234881024                                 {product} {ergonomic}
   size_t MarkStackSize                            = 4194304                                   {product} {ergonomic}
   size_t MaxHeapSize                              = 3745513472                                {product} {ergonomic}
   size_t MinHeapDeltaBytes                        = 1048576                                   {product} {ergonomic}
    uintx NonNMethodCodeHeapSize                   = 5830732                                {pd product} {ergonomic}
    uintx NonProfiledCodeHeapSize                  = 122913754                              {pd product} {ergonomic}
    uintx ProfiledCodeHeapSize                     = 122913754                              {pd product} {ergonomic}
    uintx ReservedCodeCacheSize                    = 251658240                              {pd product} {ergonomic}
     bool SegmentedCodeCache                       = true                                      {product} {ergonomic}
     bool UseCompressedClassPointers               = true                                 {lp64_product} {ergonomic}
     bool UseCompressedOops                        = true                                 {lp64_product} {ergonomic}
     bool UseG1GC                                  = true                                      {product} {ergonomic}
     bool UseLargePagesIndividualAllocation        = false                                  {pd product} {ergonomic}

Logging:
Log output configuration:
 #0: stdout all=warning uptime,level,tags
 #1: stderr all=off uptime,level,tags

Environment Variables:
PATH=C:\Program Files\Git\mingw64\libexec\git-core;C:\Program Files\Git\mingw64\libexec\git-core;C:\Program Files\Git\mingw64\bin;C:\Program Files\Git\usr\bin;C:\Users\PC\bin;C:\WINDOWS\system32;C:\WINDOWS;C:\WINDOWS\System32\Wbem;C:\WINDOWS\System32\WindowsPowerShell\v1.0;C:\WINDOWS\System32\OpenSSH;C:\Program Files\Git\cmd;C:\Users\PC\AppData\Local\Microsoft\WindowsApps
USERNAME=PC
DISPLAY=:0.0
LC_ALL=en_US.UTF-8
OS=Windows_NT
PROCESSOR_IDENTIFIER=AMD64 Family 23 Model 24 Stepping 1, AuthenticAMD



---------------  S Y S T E M  ---------------

OS: Windows 10 , 64 bit Build 19041 (10.0.19041.1202)
OS uptime: 0 days 2:43 hours

CPU:total 4 (initial active 4) (4 cores per cpu, 1 threads per core) family 23 model 24 stepping 1 microcode 0x0, cmov, cx8, fxsr, mmx, sse, sse2, sse3, ssse3, sse4.1, sse4.2, popcnt, avx, avx2, aes, clmul, mmxext, 3dnowpref, lzcnt, sse4a, tsc, tscinvbit, tscinv, bmi1, bmi2, adx, sha, 

Memory: 4k page, system-wide physical 14284M (3039M free)
TotalPageFile size 23536M (AvailPageFile size 128M)
current process WorkingSet (physical memory assigned to process): 10M, peak: 10M
current process commit charge ("private bytes"): 51M, peak: 275M

vm_info: OpenJDK 64-Bit Server VM (11.0.10+0-b96-7249189) for windows-amd64 JRE (11.0.10+0-b96-7249189), built on Mar 31 2021 21:44:00 by "builder" with MS VC++ 14.0 (VS2015)

END.
