#
# There is insufficient memory for the Java Runtime Environment to continue.
# Native memory allocation (mmap) failed to map 201326592 bytes for Failed to commit area from 0x0000000741c00000 to 0x000000074dc00000 of length 201326592.
# Possible reasons:
#   The system is out of physical RAM or swap space
#   The process is running with CompressedOops enabled, and the Java Heap may be blocking the growth of the native heap
# Possible solutions:
#   Reduce memory load on the system
#   Increase physical memory or swap space
#   Check if swap backing store is full
#   Decrease Java heap size (-Xmx/-Xms)
#   Decrease number of Java threads
#   Decrease Java thread stack sizes (-Xss)
#   Set larger code cache with -XX:ReservedCodeCacheSize=
# This output file may be truncated or incomplete.
#
#  Out of Memory Error (./src/hotspot/os/windows/os_windows.cpp:3301), pid=13900, tid=14800
#
# JRE version:  (11.0.10) (build )
# Java VM: OpenJDK 64-Bit Server VM (11.0.10+0-b96-7249189, mixed mode, sharing, tiered, compressed oops, g1 gc, windows-amd64)
# No core dump will be written. Minidumps are not enabled by default on client versions of Windows
#

---------------  S U M M A R Y ------------

Command Line: org.jetbrains.git4idea.http.GitAskPassApp Username for 'https://github.com': 

Host: Intel(R) Core(TM) i5-7200U CPU @ 2.50GHz, 4 cores, 11G,  Windows 10 , 64 bit Build 19041 (10.0.19041.1348)
Time: Wed Dec 22 16:22:42 2021 SE Asia Standard Time elapsed time: 0.027457 seconds (0d 0h 0m 0s)

---------------  T H R E A D  ---------------

Current thread (0x0000013eb0d1a000):  JavaThread "Unknown thread" [_thread_in_vm, id=14800, stack(0x0000002ae4d00000,0x0000002ae4e00000)]

Stack: [0x0000002ae4d00000,0x0000002ae4e00000]
Native frames: (J=compiled Java code, j=interpreted, Vv=VM code, C=native code)
V  [jvm.dll+0x5ecfaa]
V  [jvm.dll+0x722bd5]
V  [jvm.dll+0x72412d]
V  [jvm.dll+0x7247e3]
V  [jvm.dll+0x242928]
V  [jvm.dll+0x5ea374]
V  [jvm.dll+0x5df425]
V  [jvm.dll+0x2fdebb]
V  [jvm.dll+0x2fde2a]
V  [jvm.dll+0x2fdd02]
V  [jvm.dll+0x302bf6]
V  [jvm.dll+0x34b2a3]
V  [jvm.dll+0x34b9a6]
V  [jvm.dll+0x34b3a3]
V  [jvm.dll+0x2d8888]
V  [jvm.dll+0x2d9a37]
V  [jvm.dll+0x701737]
V  [jvm.dll+0x702f2c]
V  [jvm.dll+0x3587d9]
V  [jvm.dll+0x6e4fae]
V  [jvm.dll+0x3c0be3]
V  [jvm.dll+0x3c2e91]
C  [jli.dll+0x5373]
C  [ucrtbase.dll+0x21bb2]
C  [KERNEL32.DLL+0x17034]
C  [ntdll.dll+0x52651]


---------------  P R O C E S S  ---------------

Threads class SMR info:
_java_thread_list=0x0000013eaf40f000, length=0, elements={
}

Java Threads: ( => current thread )

Other Threads:
  0x0000013eb0d31800 GCTaskThread "GC Thread#0" [stack: 0x0000002ae4e00000,0x0000002ae4f00000] [id=3044]
  0x0000013eb0d79000 ConcurrentGCThread "G1 Main Marker" [stack: 0x0000002ae4f00000,0x0000002ae5000000] [id=7564]
  0x0000013eb0d7c800 ConcurrentGCThread "G1 Conc#0" [stack: 0x0000002ae5000000,0x0000002ae5100000] [id=15240]

[error occurred during error reporting (printing all threads), id 0xc0000005, EXCEPTION_ACCESS_VIOLATION (0xc0000005) at pc=0x00007ffc88d69107]

VM state:not at safepoint (not fully initialized)

VM Mutex/Monitor currently owned by a thread:  ([mutex/lock_event])
[0x0000013eb0d15c50] Heap_lock - owner thread: 0x0000013eb0d1a000

Heap address: 0x0000000741c00000, size: 3044 MB, Compressed Oops mode: Non-zero based: 0x0000000741c00000
Narrow klass base: 0x0000000000000000, Narrow klass shift: 0

GC Heap History (0 events):
No events

Deoptimization events (0 events):
No events

Classes redefined (0 events):
No events

Internal exceptions (0 events):
No events

Events (1 events):
Event: 0.007 Loaded shared library C:\Program Files\Android\Android Studio\jre\bin\zip.dll


Dynamic libraries:
0x00007ff7f88e0000 - 0x00007ff7f88ea000 	C:\Program Files\Android\Android Studio\jre\bin\java.exe
0x00007ffcd8090000 - 0x00007ffcd8285000 	C:\WINDOWS\SYSTEM32\ntdll.dll
0x00007ffcd7f90000 - 0x00007ffcd804e000 	C:\WINDOWS\System32\KERNEL32.DLL
0x00007ffcd5d70000 - 0x00007ffcd6038000 	C:\WINDOWS\System32\KERNELBASE.dll
0x00007ffcd57b0000 - 0x00007ffcd58b0000 	C:\WINDOWS\System32\ucrtbase.dll
0x00007ffcc0f50000 - 0x00007ffcc0f67000 	C:\Program Files\Android\Android Studio\jre\bin\VCRUNTIME140.dll
0x00007ffcb5ca0000 - 0x00007ffcb5cb9000 	C:\Program Files\Android\Android Studio\jre\bin\jli.dll
0x00007ffcd65e0000 - 0x00007ffcd6781000 	C:\WINDOWS\System32\USER32.dll
0x00007ffcd5b70000 - 0x00007ffcd5b92000 	C:\WINDOWS\System32\win32u.dll
0x00007ffcc2410000 - 0x00007ffcc26aa000 	C:\WINDOWS\WinSxS\amd64_microsoft.windows.common-controls_6595b64144ccf1df_6.0.19041.1110_none_60b5254171f9507e\COMCTL32.dll
0x00007ffcd6ed0000 - 0x00007ffcd6efb000 	C:\WINDOWS\System32\GDI32.dll
0x00007ffcd68e0000 - 0x00007ffcd697e000 	C:\WINDOWS\System32\msvcrt.dll
0x00007ffcd5a60000 - 0x00007ffcd5b6b000 	C:\WINDOWS\System32\gdi32full.dll
0x00007ffcd6040000 - 0x00007ffcd60dd000 	C:\WINDOWS\System32\msvcp_win.dll
0x00007ffcd6290000 - 0x00007ffcd62c0000 	C:\WINDOWS\System32\IMM32.DLL
0x00007ffca6bc0000 - 0x00007ffca6c5d000 	C:\Program Files\Android\Android Studio\jre\bin\msvcp140.dll
0x00007ffc88a80000 - 0x00007ffc8954f000 	C:\Program Files\Android\Android Studio\jre\bin\server\jvm.dll
0x00007ffcd74a0000 - 0x00007ffcd754c000 	C:\WINDOWS\System32\ADVAPI32.dll
0x00007ffcd70a0000 - 0x00007ffcd713b000 	C:\WINDOWS\System32\sechost.dll
0x00007ffcd7e60000 - 0x00007ffcd7f8a000 	C:\WINDOWS\System32\RPCRT4.dll
0x00007ffcd62c0000 - 0x00007ffcd62c8000 	C:\WINDOWS\System32\PSAPI.DLL
0x00007ffcc2860000 - 0x00007ffcc2887000 	C:\WINDOWS\SYSTEM32\WINMM.dll
0x00007ffccf340000 - 0x00007ffccf34a000 	C:\WINDOWS\SYSTEM32\VERSION.dll
0x00007ffcbfed0000 - 0x00007ffcbfed9000 	C:\WINDOWS\SYSTEM32\WSOCK32.dll
0x00007ffcd7d60000 - 0x00007ffcd7dcb000 	C:\WINDOWS\System32\WS2_32.dll
0x00007ffcd4080000 - 0x00007ffcd4092000 	C:\WINDOWS\SYSTEM32\kernel.appcore.dll
0x00007ffccfed0000 - 0x00007ffccfee1000 	C:\Program Files\Android\Android Studio\jre\bin\verify.dll
0x00007ffcd3d40000 - 0x00007ffcd3f24000 	C:\WINDOWS\SYSTEM32\DBGHELP.DLL
0x00007ffcbcc30000 - 0x00007ffcbcc5c000 	C:\WINDOWS\SYSTEM32\dbgcore.DLL
0x00007ffcd5ce0000 - 0x00007ffcd5d63000 	C:\WINDOWS\System32\bcryptPrimitives.dll
0x00007ffccfea0000 - 0x00007ffccfec9000 	C:\Program Files\Android\Android Studio\jre\bin\java.dll
0x00007ffcd0d50000 - 0x00007ffcd0d5b000 	C:\Program Files\Android\Android Studio\jre\bin\jimage.dll
0x00007ffccfe70000 - 0x00007ffccfe88000 	C:\Program Files\Android\Android Studio\jre\bin\zip.dll

dbghelp: loaded successfully - version: 4.0.5 - missing functions: none
symbol engine: initialized successfully - sym options: 0x614 - pdb path: .;C:\Program Files\Android\Android Studio\jre\bin;C:\WINDOWS\SYSTEM32;C:\WINDOWS\WinSxS\amd64_microsoft.windows.common-controls_6595b64144ccf1df_6.0.19041.1110_none_60b5254171f9507e;C:\Program Files\Android\Android Studio\jre\bin\server

VM Arguments:
java_command: org.jetbrains.git4idea.http.GitAskPassApp Username for 'https://github.com': 
java_class_path (initial): C:/Program Files/Android/Android Studio/plugins/git4idea/lib/git4idea-rt.jar;C:/Program Files/Android/Android Studio/lib/xmlrpc-2.0.1.jar;C:/Program Files/Android/Android Studio/lib/commons-codec-1.14.jar
Launcher Type: SUN_STANDARD

[Global flags]
     intx CICompilerCount                          = 3                                         {product} {ergonomic}
     uint ConcGCThreads                            = 1                                         {product} {ergonomic}
     uint G1ConcRefinementThreads                  = 4                                         {product} {ergonomic}
   size_t G1HeapRegionSize                         = 1048576                                   {product} {ergonomic}
    uintx GCDrainStackTargetSize                   = 64                                        {product} {ergonomic}
   size_t InitialHeapSize                          = 201326592                                 {product} {ergonomic}
   size_t MarkStackSize                            = 4194304                                   {product} {ergonomic}
   size_t MaxHeapSize                              = 3191865344                                {product} {ergonomic}
   size_t MinHeapDeltaBytes                        = 1048576                                   {product} {ergonomic}
    uintx NonNMethodCodeHeapSize                   = 5830732                                {pd product} {ergonomic}
    uintx NonProfiledCodeHeapSize                  = 122913754                              {pd product} {ergonomic}
    uintx ProfiledCodeHeapSize                     = 122913754                              {pd product} {ergonomic}
    uintx ReservedCodeCacheSize                    = 251658240                              {pd product} {ergonomic}
     bool SegmentedCodeCache                       = true                                      {product} {ergonomic}
     bool UseCompressedClassPointers               = true                                 {lp64_product} {ergonomic}
     bool UseCompressedOops                        = true                                 {lp64_product} {ergonomic}
     bool UseG1GC                                  = true                                      {product} {ergonomic}
     bool UseLargePagesIndividualAllocation        = false                                  {pd product} {ergonomic}

Logging:
Log output configuration:
 #0: stdout all=warning uptime,level,tags
 #1: stderr all=off uptime,level,tags

Environment Variables:
PATH=E:\Program Files\Git\mingw64\libexec\git-core;E:\Program Files\Git\mingw64\libexec\git-core;E:\Program Files\Git\mingw64\bin;E:\Program Files\Git\usr\bin;C:\Users\tripm\bin;C:\WINDOWS\system32;C:\WINDOWS;C:\WINDOWS\System32\Wbem;C:\WINDOWS\System32\WindowsPowerShell\v1.0;C:\WINDOWS\System32\OpenSSH;E:\Program Files\Git\cmd;C:\Users\tripm\AppData\Local\Microsoft\WindowsApps
USERNAME=tripm
DISPLAY=:0.0
LC_ALL=en_US.UTF-8
OS=Windows_NT
PROCESSOR_IDENTIFIER=Intel64 Family 6 Model 142 Stepping 9, GenuineIntel



---------------  S Y S T E M  ---------------

OS: Windows 10 , 64 bit Build 19041 (10.0.19041.1348)
OS uptime: 23 days 7:31 hours

CPU:total 4 (initial active 4) (2 cores per cpu, 2 threads per core) family 6 model 142 stepping 9 microcode 0xb4, cmov, cx8, fxsr, mmx, sse, sse2, sse3, ssse3, sse4.1, sse4.2, popcnt, avx, avx2, aes, clmul, erms, 3dnowpref, lzcnt, ht, tsc, tscinvbit, bmi1, bmi2, adx, fma

Memory: 4k page, system-wide physical 12168M (1111M free)
TotalPageFile size 21227M (AvailPageFile size 137M)
current process WorkingSet (physical memory assigned to process): 9M, peak: 9M
current process commit charge ("private bytes"): 51M, peak: 243M

vm_info: OpenJDK 64-Bit Server VM (11.0.10+0-b96-7249189) for windows-amd64 JRE (11.0.10+0-b96-7249189), built on Mar 31 2021 21:44:00 by "builder" with MS VC++ 14.0 (VS2015)

END.
